<?xml version="1.0" encoding="UTF-8"?>
<testng-results total="6" passed="6" failed="0" skipped="0">
  <reporter-output>
  </reporter-output>
  <suite started-at="2022-04-27T05:12:07Z" name="Default suite" finished-at="2022-04-27T05:12:31Z" duration-ms="24582">
    <groups>
    </groups>
    <test started-at="2022-04-27T05:12:07Z" name="Default test" finished-at="2022-04-27T05:12:31Z" duration-ms="24582">
      <class name="testCases.CalendarTest">
        <test-method is-config="true" signature="launchChrome()[pri:0, instance:testCases.CalendarTest@69f1a286]" started-at="2022-04-27T10:42:07Z" name="launchChrome" finished-at="2022-04-27T10:42:16Z" duration-ms="9503" status="PASS">
          <reporter-output>
          </reporter-output>
        </test-method> <!-- launchChrome -->
        <test-method signature="launchURL()[pri:0, instance:testCases.CalendarTest@69f1a286]" started-at="2022-04-27T10:42:16Z" name="launchURL" finished-at="2022-04-27T10:42:23Z" duration-ms="7052" status="PASS">
          <reporter-output>
          </reporter-output>
        </test-method> <!-- launchURL -->
        <test-method signature="goToFrame()[pri:0, instance:testCases.CalendarTest@69f1a286]" started-at="2022-04-27T10:42:23Z" name="goToFrame" finished-at="2022-04-27T10:42:24Z" duration-ms="823" status="PASS">
          <reporter-output>
          </reporter-output>
        </test-method> <!-- goToFrame -->
        <test-method signature="simpleDate()[pri:0, instance:testCases.CalendarTest@69f1a286]" started-at="2022-04-27T10:42:24Z" name="simpleDate" finished-at="2022-04-27T10:42:25Z" duration-ms="528" status="PASS">
          <reporter-output>
          </reporter-output>
        </test-method> <!-- simpleDate -->
        <test-method signature="selectYear()[pri:0, instance:testCases.CalendarTest@69f1a286]" started-at="2022-04-27T10:42:25Z" name="selectYear" finished-at="2022-04-27T10:42:29Z" duration-ms="4843" status="PASS">
          <reporter-output>
          </reporter-output>
        </test-method> <!-- selectYear -->
        <test-method signature="selectMonth()[pri:0, instance:testCases.CalendarTest@69f1a286]" started-at="2022-04-27T10:42:29Z" name="selectMonth" finished-at="2022-04-27T10:42:30Z" duration-ms="691" status="PASS">
          <reporter-output>
          </reporter-output>
        </test-method> <!-- selectMonth -->
        <test-method signature="selectDate()[pri:0, instance:testCases.CalendarTest@69f1a286]" started-at="2022-04-27T10:42:30Z" name="selectDate" finished-at="2022-04-27T10:42:30Z" duration-ms="329" status="PASS">
          <reporter-output>
          </reporter-output>
        </test-method> <!-- selectDate -->
        <test-method is-config="true" signature="closeChrome()[pri:0, instance:testCases.CalendarTest@69f1a286]" started-at="2022-04-27T10:42:30Z" name="closeChrome" finished-at="2022-04-27T10:42:31Z" duration-ms="743" status="PASS">
          <reporter-output>
          </reporter-output>
        </test-method> <!-- closeChrome -->
      </class> <!-- testCases.CalendarTest -->
    </test> <!-- Default test -->
  </suite> <!-- Default suite -->
</testng-results>
