<?xml version="1.0" encoding="UTF-8"?>
<!-- Generated by org.testng.reporters.JUnitXMLReporter -->
<testsuite hostname="Venki" failures="0" tests="6" name="Default test" time="24.582" errors="0" timestamp="27 Apr 2022 05:12:31 GMT">
  <testcase classname="testCases.CalendarTest" name="launchURL" time="7.052"/>
  <testcase classname="testCases.CalendarTest" name="goToFrame" time="0.823"/>
  <testcase classname="testCases.CalendarTest" name="simpleDate" time="0.528"/>
  <testcase classname="testCases.CalendarTest" name="selectYear" time="4.843"/>
  <testcase classname="testCases.CalendarTest" name="selectMonth" time="0.691"/>
  <testcase classname="testCases.CalendarTest" name="selectDate" time="0.329"/>
</testsuite> <!-- Default test -->
