<?xml version="1.0" encoding="UTF-8"?>
<!-- Generated by org.testng.reporters.JUnitXMLReporter -->
<testsuite hostname="Venki" failures="0" tests="4" name="Automation" time="20.378" errors="0" timestamp="19 Apr 2022 05:15:59 GMT">
  <testcase classname="testCases.HomePageTest" name="launchURL" time="8.583"/>
  <testcase classname="testCases.HomePageTest" name="ItemsCount" time="0.107"/>
  <testcase classname="testCases.HomePageTest" name="getItemsList" time="0.886"/>
  <testcase classname="testCases.HomePageTest" name="selectItem" time="2.959"/>
</testsuite> <!-- Automation -->
