<?xml version="1.0" encoding="UTF-8"?>
<!-- Generated by org.testng.reporters.JUnitXMLReporter -->
<testsuite hostname="Venki" failures="0" tests="8" name="Test" time="20.515" errors="0" timestamp="19 Apr 2022 05:27:44 GMT">
  <testcase classname="testCases.HomePageTest" name="launchURL" time="8.438"/>
  <testcase classname="testCases.Testing" name="b" time="0.004"/>
  <testcase classname="testCases.Testing" name="e" time="0.009"/>
  <testcase classname="testCases.Testing" name="methodc" time="0.007"/>
  <testcase classname="testCases.Testing" name="methodd" time="0.013"/>
  <testcase classname="testCases.HomePageTest" name="ItemsCount" time="0.085"/>
  <testcase classname="testCases.HomePageTest" name="getItemsList" time="0.685"/>
  <testcase classname="testCases.HomePageTest" name="selectItem" time="3.262"/>
</testsuite> <!-- Test -->
