<?xml version="1.0" encoding="UTF-8"?>
<!-- Generated by org.testng.reporters.JUnitXMLReporter -->
<testsuite hostname="Venki" failures="0" tests="4" name="Add item to cart" time="13.052" errors="0" timestamp="29 Apr 2022 04:33:13 GMT">
  <testcase classname="testCases.HomePageTest" name="ItemsCount" time="0.054"/>
  <testcase classname="testCases.HomePageTest" name="getItemsList" time="0.292"/>
  <testcase classname="testCases.HomePageTest" name="selectItem" time="0.389"/>
  <testcase classname="testCases.HomePageTest" name="validateTitle" time="0.02"/>
</testsuite> <!-- Add item to cart -->
