<?xml version="1.0" encoding="UTF-8"?>
<testsuite xmlns:xsi="http://www.w3.org/2001/XMLSchema-instance" xsi:noNamespaceSchemaLocation="https://maven.apache.org/surefire/maven-surefire-plugin/xsd/surefire-test-report.xsd" name="TestSuite" time="27.978" tests="3" errors="0" skipped="0" failures="0">
  <properties>
[...]
</properties>
  <testcase name="launchURL" classname="testCases.HomePageTest" time="8.07"/>
  <testcase name="getItemsList" classname="testCases.HomePageTest" time="0.748"/>
  <testcase name="selectItem" classname="testCases.HomePageTest" time="5.811"/>
</testsuite>